<?xml version="1.0" encoding="UTF-8"?>
<!-- Generated by org.testng.reporters.JUnitReportReporter -->
<testsuite skipped="0" hostname="DESKTOP-MUR13HT" name="scripts.TestCase6" tests="1" failures="0" timestamp="2022-05-29T04:34:37 CDT" time="6.771" errors="0">
  <testcase name="ComfyEliteContactUsPageSendButton" time="6.771" classname="scripts.TestCase6"/>
  <system-out/>
</testsuite> <!-- scripts.TestCase6 -->
