<?xml version="1.0" encoding="UTF-8"?>
<!-- Generated by org.testng.reporters.JUnitReportReporter -->
<testsuite skipped="0" hostname="DESKTOP-MUR13HT" name="scripts.TestCase4" tests="1" failures="0" timestamp="2022-05-29T04:34:37 CDT" time="7.695" errors="0">
  <testcase name="ComfyEliteSendMsgForm" time="7.695" classname="scripts.TestCase4"/>
  <system-out/>
</testsuite> <!-- scripts.TestCase4 -->
